# JRE version: Java(TM) SE Runtime Environment (8.0_144-b01) (build 1.8.0_144-b01)
# Java VM: Java HotSpot(TM) 64-Bit Server VM (25.144-b01 mixed mode windows-amd64 compressed oops)
Heap:
 PSYoungGen      total 146944K, used 17496K [0x00000000d8700000, 0x00000000ed680000, 0x0000000100000000)
  eden space 141312K, 8% used [0x00000000d8700000,0x00000000d92f32a8,0x00000000e1100000)
  from space 5632K, 93% used [0x00000000ed100000,0x00000000ed623050,0x00000000ed680000)
  to   space 10240K, 0% used [0x00000000ec280000,0x00000000ec280000,0x00000000ecc80000)
 ParOldGen       total 81920K, used 45667K [0x0000000089400000, 0x000000008e400000, 0x00000000d8700000)
  object space 81920K, 55% used [0x0000000089400000,0x000000008c098fe8,0x000000008e400000)
 Metaspace       used 18982K, capacity 19674K, committed 19840K, reserved 1067008K
  class space    used 2371K, capacity 2572K, committed 2688K, reserved 1048576K
GC Heap History (10 events):
Event: 15.807 GC heap before
{Heap before GC invocations=18 (full 0):
 PSYoungGen      total 179200K, used 178433K [0x00000000d8700000, 0x00000000ef080000, 0x0000000100000000)
  eden space 173568K, 99% used [0x00000000d8700000,0x00000000e301d660,0x00000000e3080000)
  from space 5632K, 93% used [0x00000000edf80000,0x00000000ee4a3050,0x00000000ee500000)
  to   space 11776K, 0% used [0x00000000ee500000,0x00000000ee500000,0x00000000ef080000)
 ParOldGen       total 81920K, used 39547K [0x0000000089400000, 0x000000008e400000, 0x00000000d8700000)
  object space 81920K, 48% used [0x0000000089400000,0x000000008ba9ef98,0x000000008e400000)
 Metaspace       used 18481K, capacity 19080K, committed 19200K, reserved 1067008K
  class space    used 2314K, capacity 2479K, committed 2560K, reserved 1048576K
Event: 15.810 GC heap after
Heap after GC invocations=18 (full 0):
 PSYoungGen      total 173056K, used 6460K [0x00000000d8700000, 0x00000000eeb80000, 0x0000000100000000)
  eden space 166400K, 0% used [0x00000000d8700000,0x00000000d8700000,0x00000000e2980000)
  from space 6656K, 97% used [0x00000000ee500000,0x00000000eeb4f060,0x00000000eeb80000)
  to   space 11264K, 0% used [0x00000000ed580000,0x00000000ed580000,0x00000000ee080000)
 ParOldGen       total 81920K, used 40771K [0x0000000089400000, 0x000000008e400000, 0x00000000d8700000)
  object space 81920K, 49% used [0x0000000089400000,0x000000008bbd0fa8,0x000000008e400000)
 Metaspace       used 18481K, capacity 19080K, committed 19200K, reserved 1067008K
  class space    used 2314K, capacity 2479K, committed 2560K, reserved 1048576K
}
Event: 16.662 GC heap before
{Heap before GC invocations=19 (full 0):
 PSYoungGen      total 173056K, used 172744K [0x00000000d8700000, 0x00000000eeb80000, 0x0000000100000000)
  eden space 166400K, 99% used [0x00000000d8700000,0x00000000e2963088,0x00000000e2980000)
  from space 6656K, 97% used [0x00000000ee500000,0x00000000eeb4f060,0x00000000eeb80000)
  to   space 11264K, 0% used [0x00000000ed580000,0x00000000ed580000,0x00000000ee080000)
 ParOldGen       total 81920K, used 40771K [0x0000000089400000, 0x000000008e400000, 0x00000000d8700000)
  object space 81920K, 49% used [0x0000000089400000,0x000000008bbd0fa8,0x000000008e400000)
 Metaspace       used 18545K, capacity 19208K, committed 19456K, reserved 1067008K
  class space    used 2314K, capacity 2479K, committed 2560K, reserved 1048576K
Event: 16.666 GC heap after
Heap after GC invocations=19 (full 0):
 PSYoungGen      total 165376K, used 5260K [0x00000000d8700000, 0x00000000ee580000, 0x0000000100000000)
  eden space 159744K, 0% used [0x00000000d8700000,0x00000000d8700000,0x00000000e2300000)
  from space 5632K, 93% used [0x00000000ed580000,0x00000000edaa3050,0x00000000edb00000)
  to   space 10752K, 0% used [0x00000000edb00000,0x00000000edb00000,0x00000000ee580000)
 ParOldGen       total 81920K, used 41995K [0x0000000089400000, 0x000000008e400000, 0x00000000d8700000)
  object space 81920K, 51% used [0x0000000089400000,0x000000008bd02fb8,0x000000008e400000)
 Metaspace       used 18545K, capacity 19208K, committed 19456K, reserved 1067008K
  class space    used 2314K, capacity 2479K, committed 2560K, reserved 1048576K
}
Event: 17.512 GC heap before
{Heap before GC invocations=20 (full 0):
 PSYoungGen      total 165376K, used 165004K [0x00000000d8700000, 0x00000000ee580000, 0x0000000100000000)
  eden space 159744K, 100% used [0x00000000d8700000,0x00000000e2300000,0x00000000e2300000)
  from space 5632K, 93% used [0x00000000ed580000,0x00000000edaa3050,0x00000000edb00000)
  to   space 10752K, 0% used [0x00000000edb00000,0x00000000edb00000,0x00000000ee580000)
 ParOldGen       total 81920K, used 41995K [0x0000000089400000, 0x000000008e400000, 0x00000000d8700000)
  object space 81920K, 51% used [0x0000000089400000,0x000000008bd02fb8,0x000000008e400000)
 Metaspace       used 18577K, capacity 19208K, committed 19456K, reserved 1067008K
  class space    used 2314K, capacity 2479K, committed 2560K, reserved 1048576K
Event: 17.516 GC heap after
Heap after GC invocations=20 (full 0):
 PSYoungGen      total 158720K, used 5260K [0x00000000d8700000, 0x00000000ee080000, 0x0000000100000000)
  eden space 153088K, 0% used [0x00000000d8700000,0x00000000d8700000,0x00000000e1c80000)
  from space 5632K, 93% used [0x00000000edb00000,0x00000000ee023050,0x00000000ee080000)
  to   space 10752K, 0% used [0x00000000ecb80000,0x00000000ecb80000,0x00000000ed600000)
 ParOldGen       total 81920K, used 43219K [0x0000000089400000, 0x000000008e400000, 0x00000000d8700000)
  object space 81920K, 52% used [0x0000000089400000,0x000000008be34fc8,0x000000008e400000)
 Metaspace       used 18577K, capacity 19208K, committed 19456K, reserved 1067008K
  class space    used 2314K, capacity 2479K, committed 2560K, reserved 1048576K
}
Event: 18.240 GC heap before
{Heap before GC invocations=21 (full 0):
 PSYoungGen      total 158720K, used 158348K [0x00000000d8700000, 0x00000000ee080000, 0x0000000100000000)
  eden space 153088K, 100% used [0x00000000d8700000,0x00000000e1c80000,0x00000000e1c80000)
  from space 5632K, 93% used [0x00000000edb00000,0x00000000ee023050,0x00000000ee080000)
  to   space 10752K, 0% used [0x00000000ecb80000,0x00000000ecb80000,0x00000000ed600000)
 ParOldGen       total 81920K, used 43219K [0x0000000089400000, 0x000000008e400000, 0x00000000d8700000)
  object space 81920K, 52% used [0x0000000089400000,0x000000008be34fc8,0x000000008e400000)
 Metaspace       used 18577K, capacity 19208K, committed 19456K, reserved 1067008K
  class space    used 2314K, capacity 2479K, committed 2560K, reserved 1048576K
Event: 18.243 GC heap after
Heap after GC invocations=21 (full 0):
 PSYoungGen      total 152064K, used 4660K [0x00000000d8700000, 0x00000000edb80000, 0x0000000100000000)
  eden space 146944K, 0% used [0x00000000d8700000,0x00000000d8700000,0x00000000e1680000)
  from space 5120K, 91% used [0x00000000ecb80000,0x00000000ed00d040,0x00000000ed080000)
  to   space 10752K, 0% used [0x00000000ed100000,0x00000000ed100000,0x00000000edb80000)
 ParOldGen       total 81920K, used 44443K [0x0000000089400000, 0x000000008e400000, 0x00000000d8700000)
  object space 81920K, 54% used [0x0000000089400000,0x000000008bf66fd8,0x000000008e400000)
 Metaspace       used 18577K, capacity 19208K, committed 19456K, reserved 1067008K
  class space    used 2314K, capacity 2479K, committed 2560K, reserved 1048576K
}
Event: 18.967 GC heap before
{Heap before GC invocations=22 (full 0):
 PSYoungGen      total 152064K, used 151265K [0x00000000d8700000, 0x00000000edb80000, 0x0000000100000000)
  eden space 146944K, 99% used [0x00000000d8700000,0x00000000e162b560,0x00000000e1680000)
  from space 5120K, 91% used [0x00000000ecb80000,0x00000000ed00d040,0x00000000ed080000)
  to   space 10752K, 0% used [0x00000000ed100000,0x00000000ed100000,0x00000000edb80000)
 ParOldGen       total 81920K, used 44443K [0x0000000089400000, 0x000000008e400000, 0x00000000d8700000)
  object space 81920K, 54% used [0x0000000089400000,0x000000008bf66fd8,0x000000008e400000)
 Metaspace       used 18578K, capacity 19208K, committed 19456K, reserved 1067008K
  class space    used 2314K, capacity 2479K, committed 2560K, reserved 1048576K
Event: 18.971 GC heap after
Heap after GC invocations=22 (full 0):
 PSYoungGen      total 146944K, used 5260K [0x00000000d8700000, 0x00000000ed680000, 0x0000000100000000)
  eden space 141312K, 0% used [0x00000000d8700000,0x00000000d8700000,0x00000000e1100000)
  from space 5632K, 93% used [0x00000000ed100000,0x00000000ed623050,0x00000000ed680000)
  to   space 10240K, 0% used [0x00000000ec280000,0x00000000ec280000,0x00000000ecc80000)
 ParOldGen       total 81920K, used 45667K [0x0000000089400000, 0x000000008e400000, 0x00000000d8700000)
  object space 81920K, 55% used [0x0000000089400000,0x000000008c098fe8,0x000000008e400000)
 Metaspace       used 18578K, capacity 19208K, committed 19456K, reserved 1067008K
  class space    used 2314K, capacity 2479K, committed 2560K, reserved 1048576K
}

