# JRE version: Java(TM) SE Runtime Environment (8.0_144-b01) (build 1.8.0_144-b01)
# Java VM: Java HotSpot(TM) 64-Bit Server VM (25.144-b01 mixed mode windows-amd64 compressed oops)
Heap:
 PSYoungGen      total 71680K, used 59158K [0x00000000d8700000, 0x00000000dd580000, 0x0000000100000000)
  eden space 64512K, 81% used [0x00000000d8700000,0x00000000dba339e0,0x00000000dc600000)
  from space 7168K, 93% used [0x00000000dce80000,0x00000000dd512060,0x00000000dd580000)
  to   space 7680K, 0% used [0x00000000dc680000,0x00000000dc680000,0x00000000dce00000)
 ParOldGen       total 59392K, used 33692K [0x0000000089400000, 0x000000008ce00000, 0x00000000d8700000)
  object space 59392K, 56% used [0x0000000089400000,0x000000008b4e70a8,0x000000008ce00000)
 Metaspace       used 19114K, capacity 19812K, committed 19968K, reserved 1067008K
  class space    used 2350K, capacity 2549K, committed 2560K, reserved 1048576K
GC Heap History (10 events):
Event: 67.694 GC heap before
{Heap before GC invocations=128 (full 4):
 PSYoungGen      total 77824K, used 76785K [0x00000000d8700000, 0x00000000ddd80000, 0x0000000100000000)
  eden space 73216K, 98% used [0x00000000d8700000,0x00000000dcdba730,0x00000000dce80000)
  from space 4608K, 94% used [0x00000000dd480000,0x00000000dd8c2040,0x00000000dd900000)
  to   space 4608K, 0% used [0x00000000dd900000,0x00000000dd900000,0x00000000ddd80000)
 ParOldGen       total 59392K, used 22273K [0x0000000089400000, 0x000000008ce00000, 0x00000000d8700000)
  object space 59392K, 37% used [0x0000000089400000,0x000000008a9c0638,0x000000008ce00000)
 Metaspace       used 19090K, capacity 19748K, committed 19968K, reserved 1067008K
  class space    used 2349K, capacity 2549K, committed 2560K, reserved 1048576K
Event: 67.696 GC heap after
Heap after GC invocations=128 (full 4):
 PSYoungGen      total 75776K, used 4328K [0x00000000d8700000, 0x00000000ddd80000, 0x0000000100000000)
  eden space 71168K, 0% used [0x00000000d8700000,0x00000000d8700000,0x00000000dcc80000)
  from space 4608K, 93% used [0x00000000dd900000,0x00000000ddd3a040,0x00000000ddd80000)
  to   space 6656K, 0% used [0x00000000dd080000,0x00000000dd080000,0x00000000dd700000)
 ParOldGen       total 59392K, used 22281K [0x0000000089400000, 0x000000008ce00000, 0x00000000d8700000)
  object space 59392K, 37% used [0x0000000089400000,0x000000008a9c2638,0x000000008ce00000)
 Metaspace       used 19090K, capacity 19748K, committed 19968K, reserved 1067008K
  class space    used 2349K, capacity 2549K, committed 2560K, reserved 1048576K
}
Event: 68.057 GC heap before
{Heap before GC invocations=129 (full 4):
 PSYoungGen      total 75776K, used 74823K [0x00000000d8700000, 0x00000000ddd80000, 0x0000000100000000)
  eden space 71168K, 99% used [0x00000000d8700000,0x00000000dcbd7d30,0x00000000dcc80000)
  from space 4608K, 93% used [0x00000000dd900000,0x00000000ddd3a040,0x00000000ddd80000)
  to   space 6656K, 0% used [0x00000000dd080000,0x00000000dd080000,0x00000000dd700000)
 ParOldGen       total 59392K, used 23181K [0x0000000089400000, 0x000000008ce00000, 0x00000000d8700000)
  object space 59392K, 39% used [0x0000000089400000,0x000000008aaa3648,0x000000008ce00000)
 Metaspace       used 19090K, capacity 19748K, committed 19968K, reserved 1067008K
  class space    used 2349K, capacity 2549K, committed 2560K, reserved 1048576K
Event: 68.059 GC heap after
Heap after GC invocations=129 (full 4):
 PSYoungGen      total 72704K, used 3460K [0x00000000d8700000, 0x00000000dd980000, 0x0000000100000000)
  eden space 69120K, 0% used [0x00000000d8700000,0x00000000d8700000,0x00000000dca80000)
  from space 3584K, 96% used [0x00000000dd080000,0x00000000dd3e1030,0x00000000dd400000)
  to   space 5632K, 0% used [0x00000000dd400000,0x00000000dd400000,0x00000000dd980000)
 ParOldGen       total 59392K, used 23181K [0x0000000089400000, 0x000000008ce00000, 0x00000000d8700000)
  object space 59392K, 39% used [0x0000000089400000,0x000000008aaa3648,0x000000008ce00000)
 Metaspace       used 19090K, capacity 19748K, committed 19968K, reserved 1067008K
  class space    used 2349K, capacity 2549K, committed 2560K, reserved 1048576K
}
Event: 68.449 GC heap before
{Heap before GC invocations=130 (full 4):
 PSYoungGen      total 72704K, used 72580K [0x00000000d8700000, 0x00000000dd980000, 0x0000000100000000)
  eden space 69120K, 100% used [0x00000000d8700000,0x00000000dca80000,0x00000000dca80000)
  from space 3584K, 96% used [0x00000000dd080000,0x00000000dd3e1030,0x00000000dd400000)
  to   space 5632K, 0% used [0x00000000dd400000,0x00000000dd400000,0x00000000dd980000)
 ParOldGen       total 59392K, used 33684K [0x0000000089400000, 0x000000008ce00000, 0x00000000d8700000)
  object space 59392K, 56% used [0x0000000089400000,0x000000008b4e50a8,0x000000008ce00000)
 Metaspace       used 19093K, capacity 19812K, committed 19968K, reserved 1067008K
  class space    used 2349K, capacity 2549K, committed 2560K, reserved 1048576K
Event: 68.450 GC heap after
Heap after GC invocations=130 (full 4):
 PSYoungGen      total 70656K, used 160K [0x00000000d8700000, 0x00000000dd700000, 0x0000000100000000)
  eden space 67584K, 0% used [0x00000000d8700000,0x00000000d8700000,0x00000000dc900000)
  from space 3072K, 5% used [0x00000000dd400000,0x00000000dd428000,0x00000000dd700000)
  to   space 7168K, 0% used [0x00000000dc900000,0x00000000dc900000,0x00000000dd000000)
 ParOldGen       total 59392K, used 33684K [0x0000000089400000, 0x000000008ce00000, 0x00000000d8700000)
  object space 59392K, 56% used [0x0000000089400000,0x000000008b4e50a8,0x000000008ce00000)
 Metaspace       used 19093K, capacity 19812K, committed 19968K, reserved 1067008K
  class space    used 2349K, capacity 2549K, committed 2560K, reserved 1048576K
}
Event: 68.781 GC heap before
{Heap before GC invocations=131 (full 4):
 PSYoungGen      total 70656K, used 67692K [0x00000000d8700000, 0x00000000dd700000, 0x0000000100000000)
  eden space 67584K, 99% used [0x00000000d8700000,0x00000000dc8f3010,0x00000000dc900000)
  from space 3072K, 5% used [0x00000000dd400000,0x00000000dd428000,0x00000000dd700000)
  to   space 7168K, 0% used [0x00000000dc900000,0x00000000dc900000,0x00000000dd000000)
 ParOldGen       total 59392K, used 33684K [0x0000000089400000, 0x000000008ce00000, 0x00000000d8700000)
  object space 59392K, 56% used [0x0000000089400000,0x000000008b4e50a8,0x000000008ce00000)
 Metaspace       used 19113K, capacity 19812K, committed 19968K, reserved 1067008K
  class space    used 2349K, capacity 2549K, committed 2560K, reserved 1048576K
Event: 68.782 GC heap after
Heap after GC invocations=131 (full 4):
 PSYoungGen      total 70144K, used 3760K [0x00000000d8700000, 0x00000000dd580000, 0x0000000100000000)
  eden space 66048K, 0% used [0x00000000d8700000,0x00000000d8700000,0x00000000dc780000)
  from space 4096K, 91% used [0x00000000dc900000,0x00000000dccac040,0x00000000dcd00000)
  to   space 7168K, 0% used [0x00000000dce80000,0x00000000dce80000,0x00000000dd580000)
 ParOldGen       total 59392K, used 33692K [0x0000000089400000, 0x000000008ce00000, 0x00000000d8700000)
  object space 59392K, 56% used [0x0000000089400000,0x000000008b4e70a8,0x000000008ce00000)
 Metaspace       used 19113K, capacity 19812K, committed 19968K, reserved 1067008K
  class space    used 2349K, capacity 2549K, committed 2560K, reserved 1048576K
}
Event: 69.097 GC heap before
{Heap before GC invocations=132 (full 4):
 PSYoungGen      total 70144K, used 68657K [0x00000000d8700000, 0x00000000dd580000, 0x0000000100000000)
  eden space 66048K, 98% used [0x00000000d8700000,0x00000000dc660670,0x00000000dc780000)
  from space 4096K, 91% used [0x00000000dc900000,0x00000000dccac040,0x00000000dcd00000)
  to   space 7168K, 0% used [0x00000000dce80000,0x00000000dce80000,0x00000000dd580000)
 ParOldGen       total 59392K, used 33692K [0x0000000089400000, 0x000000008ce00000, 0x00000000d8700000)
  object space 59392K, 56% used [0x0000000089400000,0x000000008b4e70a8,0x000000008ce00000)
 Metaspace       used 19113K, capacity 19812K, committed 19968K, reserved 1067008K
  class space    used 2349K, capacity 2549K, committed 2560K, reserved 1048576K
Event: 69.099 GC heap after
Heap after GC invocations=132 (full 4):
 PSYoungGen      total 71680K, used 6728K [0x00000000d8700000, 0x00000000dd580000, 0x0000000100000000)
  eden space 64512K, 0% used [0x00000000d8700000,0x00000000d8700000,0x00000000dc600000)
  from space 7168K, 93% used [0x00000000dce80000,0x00000000dd512060,0x00000000dd580000)
  to   space 7680K, 0% used [0x00000000dc680000,0x00000000dc680000,0x00000000dce00000)
 ParOldGen       total 59392K, used 33692K [0x0000000089400000, 0x000000008ce00000, 0x00000000d8700000)
  object space 59392K, 56% used [0x0000000089400000,0x000000008b4e70a8,0x000000008ce00000)
 Metaspace       used 19113K, capacity 19812K, committed 19968K, reserved 1067008K
  class space    used 2349K, capacity 2549K, committed 2560K, reserved 1048576K
}

